{0,
{e6a7f843-4e0b-4b66-bb56-0096a6d90fb4,"Локальный кластер",1541,"s-1c-dev",0,0,0,60,0,0,0,
{1,
{"s-1c-dev",1541}
},0,0,1,0},
{62,
{c5536ce0-a03f-4193-a678-680802381dd2,"1c8_update_center","","MSSQLServer","10.80.1.30","1c8_update_center","srvc-s-1c-dev","IJjRMd9cpNglBf7GkgBBBjxyLCMKoONPI1Cwx9kEMRLh2bzJcnRsORjG9tEnSVvz","CrSQLDB=Y;DB=1c8_update_center;DBMS=MSSQLServer;DBSrvr=10.80.1.30;DBUID=srvc-s-1c-dev;LIC=6020898253362869096;LicDstr=Y;Locale=ru_RU;Ref=1c8_update_center;SchJobDn=Y;SLev=0;SQLYOffs=2000;Srvr=s-1c-dev",0,
{0,00010101000000,00010101000000,"","",""},0,1,"",0,"","",513864,0},
{e23de73b-ded0-46bd-b108-16e4a1a7459b,"1c8_test_tnp_buh","1c3\1c8_tnp_buh 26/01","MSSQLServer","s-sql-1c-dev","1c8_test_tnp_buh","srvc-s-1c-dev","IJjRMd9cpNglBf7GkgBBBjxyLCMKoONPI1Cwx9kEMRKSsRLXlj4eptrB4i/cgGsW","CrSQLDB=Y;DB=1c8_test_tnp_buh;DBMS=MSSQLServer;DBSrvr=s-sql-1c-dev;DBUID=srvc-s-1c-dev;LIC=1702245260428768888;LicDstr=Y;Locale=ru_RU;Ref=1c8_test_tnp_buh;SchJobDn=Y;SLev=0;SQLYOffs=2000;Srvr=s-1c-dev",0,
{0,00010101000000,00010101000000,"","",""},1,1,"",0,"","",356813,0},
{a41da0db-d2d8-47ad-b727-d60d7d8a9c0c,"1c8_test_Agroaliance_buh_2_0","обнов 24/12","MSSQLServer","s-sql-1c-dev.nd.lan","1c8_test_Agroaliance_buh_2_0","srvc-s-1c-dev","IJjRMd9cpNglBf7GkgBBBjxyLCMKoONPI1Cwx9kEMRJHxmcQ45LuzPGcphMjESra","CrSQLDB=Y;DB=1c8_test_Agroaliance_buh_2_0;DBMS=MSSQLServer;DBSrvr=s-sql-1c-dev.nd.lan;DBUID=srvc-s-1c-dev;LIC=6237348456821924653;LicDstr=Y;Locale=ru_RU;Ref=1c8_test_Agroaliance_buh_2_0;SLev=0;SQLYOffs=2000;Srvr=s-1c-dev.nd.lan",0,
{0,00010101000000,00010101000000,"","",""},1,1,"",0,"","",317379,0},
{b3195155-f99a-4a8e-a040-60e8f6fb934c,"1c8_test_ardatrading_buh","обнов 01/02","MSSQLServer","s-sql-1c-dev.nd.lan","1c8_test_ardatrading_buh","srvc-s-1c-dev","IJjRMd9cpNglBf7GkgBBBjxyLCMKoONPI1Cwx9kEMRKedIdkSYR85tpjh9GG2s1d","DB=1c8_test_ardatrading_buh;DBMS=MSSQLServer;DBSrvr=s-sql-1c-dev.nd.lan;DBUID=srvc-s-1c-dev;Descr=;LicDstr=Y;Locale=ru_RU;Ref=1c8_test_ardatrading_buh;SLev=0;SQLYOffs=2000;Srvr=s-1c-dev",0,
{0,00010101000000,00010101000000,"","",""},1,1,"",0,"","",358389,0},
{7926b0a6-de31-435f-8a0e-3d43100509bc,"1c8_test_oscar_upp","","MSSQLServer","10.80.1.30","1c8_test_oscar_upp","srvc-s-1c-dev","IJjRMd9cpNglBf7GkgBBBjxyLCMKoONPI1Cwx9kEMRKpiOYhkgOCBNRc+NOsCw3m","CrSQLDB=Y;DB=1c8_test_oscar_upp;DBMS=MSSQLServer;DBSrvr=10.80.1.30;DBUID=srvc-s-1c-dev;LIC=277753540564674169;LicDstr=Y;Locale=ru_RU;Ref=1c8_test_oscar_upp;SchJobDn=Y;SLev=0;SQLYOffs=2000;Srvr=s-1c-dev",0,
{0,00010101000000,00010101000000,"","",""},1,1,"",0,"","",91,0},
{bf943042-898f-4604-afc1-78b045fe8779,"1c8_test_dps_upp_uu","","MSSQLServer","10.80.1.30","1c8_test_dps_upp_uu","srvc-s-1c-dev","IJjRMd9cpNglBf7GkgBBBjxyLCMKoONPI1Cwx9kEMRKPSJstlFTbvkRxbxkd92ii","CrSQLDB=Y;DB=1c8_test_dps_upp_uu;DBMS=MSSQLServer;DBSrvr=10.80.1.30;DBUID=srvc-s-1c-dev;LIC=1696311260598155116;LicDstr=Y;Locale=ru_RU;Ref=1c8_test_dps_upp_uu;SchJobDn=Y;SLev=0;SQLYOffs=2000;Srvr=s-1c-dev.nd.lan",0,
{0,00010101000000,00010101000000,"","",""},1,1,"",0,"","",615,0},
{561767c1-9230-4a2a-9b6a-e593867ef1a0,"1c_dev_copy_77_upp_dpm_bu_kuleba","1c8_dev_kuleba ДПМ","MSSQLServer","10.80.1.30","1c8_dev_kuleba","srvc-s-1c-dev","IJjRMd9cpNglBf7GkgBBBjxyLCMKoONPI1Cwx9kEMRICsUZLu+M2TI8dlRt8lzYp","CrSQLDB=Y;DB=1c8_dev_kuleba;DBMS=MSSQLServer;DBSrvr=10.80.1.30;DBUID=srvc-s-1c-dev;LIC=205923202183128633;LicDstr=Y;Locale=ru_RU;Ref=1c_dev_copy_77_upp_dpm_bu_kuleba;SchJobDn=Y;SLev=0;SQLYOffs=2000;Srvr=s-1c-dev.nd.lan",0,
{1,20210311161500,20210311170000,"xxxxxxxxxx

Для администратора:
Для того чтобы принудительно разблокировать информационную базу, воспользуйтесь консолью кластера серверов или запустите ""1С:Предприятие"" с параметрами:
ENTERPRISE /S""s-1c-dev.nd.lan\1c_dev_copy_77_upp_dpm_bu_kuleba"" /CРазрешитьРаботуПользователей /UC<код разрешения>","/2",""},1,1,"",0,"","",512944,0},
{1fdfeb77-cdef-4264-8b5e-462d58c3ebaf,"1c-dev_copy_upp_lunapak_bu_golovko","1c8_test_lunapak_upp","MSSQLServer","10.80.1.30","1c8_test_lunapak_upp","srvc-s-1c-dev","IJjRMd9cpNglBf7GkgBBBjxyLCMKoONPI1Cwx9kEMRKuRcTnzRglGec6NUfJk3+D","CrSQLDB=Y;DB=1c8_test_lunapak_upp;DBMS=MSSQLServer;DBSrvr=10.80.1.30;DBUID=srvc-s-1c-dev;LIC=6020898323084781161;LicDstr=Y;Locale=ru_RU;Ref=1c-dev_copy_upp_lunapak_bu_golovko;SLev=0;SQLYOffs=2000;Srvr=s-1c-dev.nd.lan",0,
{0,00010101000000,00010101000000,"","",""},0,1,"",0,"","",625,0},
{51b2cb71-9403-42e6-887a-590385d7a183,"1c8_dev_copy_zhizhkin","","MSSQLServer","s-sql-1c-dev","1c8_dev_copy_zhizhkin","srvc-s-1c-dev","IJjRMd9cpNglBf7GkgBBBjxyLCMKoONPI1Cwx9kEMRKIaSJyRZxrACmUtV/kz+os","DB=1c8_dev_copy_zhizhkin;DBMS=MSSQLServer;DBSrvr=s-sql-1c-dev;DBUID=srvc-s-1c-dev;Descr=;LicDstr=Y;Locale=ru_RU;Ref=1c8_dev_copy_zhizhkin;SchJobDn=Y;SLev=0;SQLYOffs=2000;Srvr=s-1c-dev",0,
{0,00010101000000,00010101000000,"","",""},1,1,"",0,"","",764,0},
{272224fa-a08c-4c77-8f58-c3d02cf16539,"1c8_test_akam_erp","","MSSQLServer","s-sql-1c-dev.nd.lan","1c8_test_akam_erp","srvc-s-1c-dev","IJjRMd9cpNglBf7GkgBBBjxyLCMKoONPI1Cwx9kEMRLli+2HfIpopqojnLTo4ReX","CrSQLDB=Y;DB=1c8_test_akam_erp;DBMS=MSSQLServer;DBSrvr=s-sql-1c-dev.nd.lan;DBUID=srvc-s-1c-dev;LIC=1697740574456014716;LicDstr=Y;Locale=ru_RU;Ref=1c8_test_akam_erp;SLev=0;SQLYOffs=2000;Srvr=s-1c-dev.nd.lan;SUsr=",0,
{0,00010101000000,00010101000000,"","",""},0,1,"",0,"","",781,0},
{9877b2c4-26ad-454c-a7e7-6fa11b3f6cb4,"1c8_dev_teslenko","Виленский 08/08","MSSQLServer","s-sql-1c-dev","1c8_dev_teslenko","srvc-s-1c-dev","IJjRMd9cpNglBf7GkgBBBjxyLCMKoONPI1Cwx9kEMRJm69Ddef63Kba1JBK2rTiu","CrSQLDB=Y;DB=1c8_dev_teslenko;DBMS=MSSQLServer;DBSrvr=s-sql-1c-dev;DBUID=srvc-s-1c-dev;Descr=;LicDstr=Y;Locale=ru_RU;Ref=1c8_dev_teslenko;SLev=0;SQLYOffs=2000;Srvr=s-1c-dev",0,
{0,00010101000000,00010101000000,"","",""},1,1,"",0,"","",512860,0},
{eee11ab0-1b27-4fa5-ba9e-e2144a0ab8df,"1c8_test_armada_buh","17/02","MSSQLServer","s-sql-1c-dev","1c8_test_armada_buh","srvc-s-1c-dev","IJjRMd9cpNglBf7GkgBBBjxyLCMKoONPI1Cwx9kEMRKad/Zl4+uovyjRN+MEbx4J","DB=1c8_test_armada_buh;DBMS=MSSQLServer;DBSrvr=s-sql-1c-dev;DBUID=srvc-s-1c-dev;Descr=;LicDstr=Y;Locale=ru_RU;Ref=1c8_test_armada_buh;SchJobDn=Y;SLev=0;SQLYOffs=2000;Srvr=s-1c-dev",0,
{0,00010101000000,00010101000000,"","",""},1,1,"",0,"","",362211,0},
{13028173-8767-4e02-8681-e9af467f3909,"1c8_test_dps_upp_bu","","MSSQLServer","s-sql-1c-dev","1c8_test_dps_upp_bu","srvc-s-1c-dev","IJjRMd9cpNglBf7GkgBBBjxyLCMKoONPI1Cwx9kEMRJEZ1K2csCMhT+B+vFqYEvT","DB=1c8_test_dps_upp_bu;DBMS=MSSQLServer;DBSrvr=s-sql-1c-dev;DBUID=srvc-s-1c-dev;Descr=;LicDstr=Y;Locale=ru_RU;Ref=1c8_test_dps_upp_bu;SLev=0;SQLYOffs=2000;Srvr=s-1c-dev",0,
{0,00010101000000,00010101000000,"","",""},0,1,"",0,"","",920,0},
{d16312e8-e3e3-42e6-beaa-209749750021,"1c8_dev_godunova","пусто","MSSQLServer","s-sql-1c-dev.nd.lan","1c8_dev_godunova","srvc-s-1c-dev","IJjRMd9cpNglBf7GkgBBBjxyLCMKoONPI1Cwx9kEMRK6hUv6xQuL85QMV9gc2/ci","CrSQLDB=Y;DB=1c8_dev_godunova;DBMS=MSSQLServer;DBSrvr=s-sql-1c-dev.nd.lan;DBUID=srvc-s-1c-dev;LIC=5155147471380522600;LicDstr=Y;Locale=ru_RU;Ref=1c8_dev_godunova;SLev=0;SQLYOffs=2000;Srvr=s-1c-dev.nd.lan",0,
{0,00010101000000,00010101000000,"","",""},1,1,"",0,"","",512898,0},
{5e253d67-c9c7-4ed5-8dd5-dc68aad0271a,"1c8_copy_calciicarbonat_upp","1c4\1c8_calciicarbonat_upp_bu 22/04","MSSQLServer","s-sql-1c-dev.nd.lan","1c8_copy_calciicarbonat_upp","srvc-s-1c-dev","IJjRMd9cpNglBf7GkgBBBjxyLCMKoONPI1Cwx9kEMRLI7P6ogJDZDjdDOgLyx207","CrSQLDB=Y;DB=1c8_copy_calciicarbonat_upp;DBMS=MSSQLServer;DBSrvr=s-sql-1c-dev.nd.lan;DBUID=srvc-s-1c-dev;LIC=472533108893393517;LicDstr=Y;Locale=ru_RU;Ref=1c8_copy_calciicarbonat_upp;SLev=0;SQLYOffs=2000;Srvr=s-1c-dev.nd.lan",0,
{0,00010101000000,00010101000000,"","",""},1,1,"",0,"","",408097,0},
{7f7ff450-5e6e-4068-93fd-94e67425f995,"1c8_test_npo_dps_upp","","MSSQLServer","s-sql-1c-dev","1c8_test_npo_dps_upp","srvc-s-1c-dev","IJjRMd9cpNglBf7GkgBBBjxyLCMKoONPI1Cwx9kEMRKvT3NFq5LV61cYlbJn0lxx","DB=1c8_test_npo_dps_upp;DBMS=MSSQLServer;DBSrvr=s-sql-1c-dev;DBUID=srvc-s-1c-dev;Descr=;LicDstr=Y;Locale=ru_RU;Ref=1c8_test_npo_dps_upp;SLev=0;SQLYOffs=2000;Srvr=s-1c-dev",0,
{0,00010101000000,00010101000000,"","",""},0,1,"",0,"","",3999,0},
{da49ff5f-c3c5-44cf-99c1-f5ecfd6f355c,"1c8_test_oscar","Логвинов тест база","MSSQLServer","s-sql-1c-dev.nd.lan","1c8_test_oscar","srvc-s-1c-dev","meCD8vlYzrXZb56rprUHnWiAPZdKj5eGfjMM5kg4prBoGG227Vx+j2l1DYiD5yNC","CrSQLDB=Y;DB=1c8_test_oscar;DBMS=MSSQLServer;DBSrvr=s-sql-1c-dev.nd.lan;DBUID=srvc-s-1c-dev;LIC=6331927261618631292;LicDstr=Y;Locale=ru_RU;Ref=1c8_test_oscar;SLev=0;SQLYOffs=2000;Srvr=s-1c-dev.nd.lan",0,
{0,00010101000000,00010101000000,"","",""},0,1,"",0,"","",68086,0},
{aae0e3c3-e2f5-4640-8840-7c763a91d1e1,"1c8_test_dpm_upp","обнов 13/04","MSSQLServer","s-sql-1c-dev","1c8_test_dpm_upp","srvc-s-1c-dev","meCD8vlYzrXZb56rprUHnWiAPZdKj5eGfjMM5kg4prDAO2nHfnYZqVWTgvHqKzKK","CrSQLDB=Y;DB=1c8_test_dpm_upp;DBMS=MSSQLServer;DBSrvr=s-sql-1c-dev;DBUID=srvc-s-1c-dev;Descr=;LicDstr=Y;Locale=ru_RU;Ref=1c8_test_dpm_upp;SchJobDn=Y;SLev=0;SQLYOffs=2000;Srvr=s-1c-dev",0,
{0,00010101000000,00010101000000,"","",""},1,1,"",0,"","",403947,0},
{4f03f9a3-d2ab-4a08-984f-88cae3732aab,"1c8_dev_Pazanyuk","Агротек-Инвест 08/08","MSSQLServer","s-sql-1c-dev.nd.lan","1c8_dev_Pazanyuk","srvc-s-1c-dev","meCD8vlYzrXZb56rprUHnWiAPZdKj5eGfjMM5kg4prAAlCAgGmiox5RhrGrO+vjZ","CrSQLDB=Y;DB=1c8_dev_Pazanyuk;DBMS=MSSQLServer;DBSrvr=s-sql-1c-dev.nd.lan;DBUID=srvc-s-1c-dev;LIC=7490815131236600147;LicDstr=Y;Locale=ru_RU;Ref=1c8_dev_Pazanyuk;SLev=0;SQLYOffs=2000;Srvr=s-1c-dev.nd.lan",0,
{0,00010101000000,00010101000000,"Для администратора:
Для того чтобы разрешить работу пользователей, воспользуйтесь консолью кластера серверов или запустите платформу с параметрами:
ENTERPRISE /S""s-1c-dev.nd.lan:1541\1c8_dev_Pazanyuk"" /CРазрешитьРаботуПользователей /UC<код разрешения>","",""},0,1,"",0,"","",513889,0},
{196f2ea7-38dc-4f1d-aade-adb6a4c09045,"1c8_dev_zagrebelnyy","1c2\1c8_abmtechnologi_upp 17/02","MSSQLServer","10.80.1.30","1c8_dev_zagrebelnyy","srvc-s-1c-dev","meCD8vlYzrXZb56rprUHnWiAPZdKj5eGfjMM5kg4prCOOwPJnUcBa35mZDqAB1aj","DB=1c8_dev_zagrebelnyy;DBMS=MSSQLServer;DBSrvr=10.80.1.30;DBUID=srvc-s-1c-dev;Descr=1c8_dev_zagrebelnyy;LicDstr=Y;Locale=ru_RU;Ref=1c8_dev_zagrebelnyy;SchJobDn=Y;SLev=0;SQLYOffs=2000;Srvr=s-1c-dev",0,
{0,00010101000000,00010101000000,"","",""},1,1,"",0,"","",362213,0},
{e950d106-66e3-4a55-a0b9-fb405cc4c1d9,"1c8_test_alefvinal_buh","Виналь - не обновл","MSSQLServer","s-sql-1c-dev","1c8_test_alefvinal_buh","srvc-s-1c-dev","meCD8vlYzrXZb56rprUHnWiAPZdKj5eGfjMM5kg4prCyaDhdM1+hhYJBrnEP+39s","CrSQLDB=Y;DB=1c8_test_alefvinal_buh;DBMS=MSSQLServer;DBSrvr=s-sql-1c-dev;DBUID=srvc-s-1c-dev;LIC=3667615271107927047;LicDstr=Y;Locale=ru_RU;Ref=1c8_test_alefvinal_buh;SLev=0;SQLYOffs=2000;Srvr=s-1c-dev",0,
{0,00010101000000,00010101000000,"","",""},0,1,"",0,"","",375985,0},
{6cd5497c-29c2-41d2-b185-ccf3bee5c2f0,"1c8_test_adagmatrade_buh","Виналь - не обновл","MSSQLServer","s-sql-1c-dev","1c8_test_adagmatrade_buh","srvc-s-1c-dev","meCD8vlYzrXZb56rprUHnWiAPZdKj5eGfjMM5kg4prCwkTcTxbSMtJ4ReNQcQVvV","CrSQLDB=Y;DB=1c8_test_adagmatrade_buh;DBMS=MSSQLServer;DBSrvr=s-sql-1c-dev;DBUID=srvc-s-1c-dev;LIC=2514390644621757458;LicDstr=Y;Locale=ru_RU;Ref=1c8_test_adagmatrade_buh;SLev=0;SQLYOffs=2000;Srvr=s-1c-dev",0,
{0,00010101000000,00010101000000,"","",""},0,1,"",0,"","",375989,0},
{7c1b636a-ed34-4a14-aaa3-a17dbe3344c0,"1c8_copy_alefvinal_aps","Виналь - не обновл","MSSQLServer","s-sql-1c-dev","1c8_copy_alefvinal_aps","srvc-s-1c-dev","meCD8vlYzrXZb56rprUHnWiAPZdKj5eGfjMM5kg4prCqbX1Rf6jGpFRrYQ1ALhKO","CrSQLDB=Y;DB=1c8_copy_alefvinal_aps;DBMS=MSSQLServer;DBSrvr=s-sql-1c-dev;DBUID=srvc-s-1c-dev;LIC=8643812831713528919;LicDstr=Y;Locale=ru_RU;Ref=1c8_copy_alefvinal_aps;SLev=0;SQLYOffs=2000;Srvr=s-1c-dev",0,
{0,00010101000000,00010101000000,"","",""},1,1,"",0,"","",376002,0},
{2a4aae40-25f0-404f-af8f-63a2a4eef56f,"1c8_dev_lukash","обмены","MSSQLServer","s-sql-1c-dev","1c8_dev_lukash","srvc-s-1c-dev","meCD8vlYzrXZb56rprUHnWiAPZdKj5eGfjMM5kg4prBAeW8SPb0ikm3OeNAIw8ZY","CrSQLDB=Y;DB=1c8_dev_lukash;DBMS=MSSQLServer;DBSrvr=s-sql-1c-dev;DBUID=srvc-s-1c-dev;LIC=2568363150356945239;LicDstr=Y;Locale=ru_RU;Ref=1c8_dev_lukash;SLev=0;SQLYOffs=2000;Srvr=s-1c-dev",0,
{0,00010101000000,00010101000000,"","",""},0,1,"",0,"","",512948,0},
{90f82e4e-c33d-4598-873e-1556a02850ee,"1c8_test_tehnolodgiibc_buh","обнов 04/04","MSSQLServer","s-sql-1c-dev","1c8_test_tehnolodgiibc_buh","srvc-s-1c-dev","meCD8vlYzrXZb56rprUHnWiAPZdKj5eGfjMM5kg4prDeChHYu7XrQa8tuleRuibx","DB=1c8_test_tehnolodgiibc_buh;DBMS=MSSQLServer;DBSrvr=s-sql-1c-dev;DBUID=srvc-s-1c-dev;Descr=;LicDstr=Y;Locale=ru_RU;Ref=1c8_test_tehnolodgiibc_buh;SLev=0;SQLYOffs=2000;Srvr=s-1c-dev",0,
{0,00010101000000,00010101000000,"","",""},0,1,"",0,"","",397108,0},
{ce77f83c-968e-46ab-8c29-12c8f78b3d4f,"1c8_test_maspo-v_buh","","MSSQLServer","s-sql-1c-dev","1c8_test_maspo-v_buh","srvc-s-1c-dev","meCD8vlYzrXZb56rprUHnWiAPZdKj5eGfjMM5kg4prB+wSI0VXj51oQnXTVOc+A0","DB=1c8_test_maspo-v_buh;DBMS=MSSQLServer;DBSrvr=s-sql-1c-dev;DBUID=srvc-s-1c-dev;Descr=;LicDstr=Y;Locale=ru_RU;Ref=1c8_test_maspo-v_buh;SchJobDn=Y;SLev=0;SQLYOffs=2000;Srvr=s-1c-dev",0,
{0,00010101000000,00010101000000,"","",""},1,1,"",0,"","",21111,0},
{f34f025f-1dfd-4a84-a1f2-ab4596ef8d89,"1c8_alefvinal_buh","для отладки до 30/04","MSSQLServer","s-sql-1c2","1c8_alefvinal_buh","srvc-s-1c2","meCD8vlYzrXZb56rprUHnWiAPZdKj5eGfjMM5kg4prCIIhbyxtlZRdtgOTtOS4uu","DB=1c8_alefvinal_buh;DBMS=MSSQLServer;DBSrvr=s-sql-1c2;DBUID=srvc-s-1c2;Descr=""для отладки до 30/04"";LicDstr=Y;Locale=ru_RU;Ref=1c8_alefvinal_buh;SLev=0;SQLYOffs=2000;Srvr=s-1c-dev",0,
{0,00010101000000,00010101000000,"","",""},0,1,"",0,"","",21276,0},
{9dec695b-ca4e-4271-9061-ef9d6ba80341,"1c8_test_alefvinal_TD_buh","Виналь - не обновл","MSSQLServer","s-sql-1c-dev","1c8_test_alefvinal_TD_buh","srvc-s-1c-dev","meCD8vlYzrXZb56rprUHnWiAPZdKj5eGfjMM5kg4prBMBh1DXoFH2aN7IcZQQDDU","CrSQLDB=Y;DB=1c8_test_alefvinal_TD_buh;DBMS=MSSQLServer;DBSrvr=s-sql-1c-dev;DBUID=srvc-s-1c-dev;LIC=7467524455577606422;LicDstr=Y;Locale=ru_RU;Ref=1c8_test_alefvinal_TD_buh;SLev=0;SQLYOffs=2000;Srvr=s-1c-dev",0,
{0,00010101000000,00010101000000,"","",""},0,1,"",0,"","",375986,0},
{cf396db7-0b9f-476b-be8d-0f4cc67365d4,"1c8_test_alef_vinal_buh","Виналь - не обновл","MSSQLServer","s-sql-1c-dev","1c8_test_alef_vinal_buh","srvc-s-1c-dev","meCD8vlYzrXZb56rprUHnWiAPZdKj5eGfjMM5kg4prDYomfMhbhjGaAQwKOOGfGX","CrSQLDB=Y;DB=1c8_test_alef_vinal_buh;DBMS=MSSQLServer;DBSrvr=s-sql-1c-dev;DBUID=srvc-s-1c-dev;LIC=2518829305403509058;LicDstr=Y;Locale=ru_RU;Ref=1c8_test_alef_vinal_buh;SLev=0;SQLYOffs=2000;Srvr=s-1c-dev",0,
{0,00010101000000,00010101000000,"","",""},1,1,"",0,"","",375984,0},
{9e1ea4df-7210-4119-8e65-740290bc9721,"1c8_test_OrianaInvest_buh","","MSSQLServer","s-sql-1c-dev","1c8_test_OrianaInvest_buh","srvc-s-1c-dev","meCD8vlYzrXZb56rprUHnWiAPZdKj5eGfjMM5kg4prDWzytg3fP7G6awcwwwXEHd","CrSQLDB=Y;DB=1c8_test_OrianaInvest_buh;DBMS=MSSQLServer;DBSrvr=s-sql-1c-dev;DBUID=srvc-s-1c-dev;LIC=3652693046903622934;LicDstr=Y;Locale=ru_RU;Ref=1c8_test_OrianaInvest_buh;SLev=0;SQLYOffs=2000;Srvr=s-1c-dev",0,
{0,00010101000000,00010101000000,"","",""},0,1,"",0,"","",21288,0},
{623e54a2-b39f-4f7e-a144-c2bb054e9284,"1c8_test_adaman_trade_buh","Виналь - не обновл","MSSQLServer","s-sql-1c-dev","1c8_test_adaman_trade_buh","srvc-s-1c-dev","meCD8vlYzrXZb56rprUHnWiAPZdKj5eGfjMM5kg4prCnA3G6HEUu+pMY09qdE6oY","CrSQLDB=Y;DB=1c8_test_adaman_trade_buh;DBMS=MSSQLServer;DBSrvr=s-sql-1c-dev;DBUID=srvc-s-1c-dev;LIC=4026685004878683479;LicDstr=Y;Locale=ru_RU;Ref=1c8_test_adaman_trade_buh;SLev=0;SQLYOffs=2000;Srvr=s-1c-dev",0,
{0,00010101000000,00010101000000,"","",""},0,1,"",0,"","",375988,0},
{3456831c-2bca-4bd8-bdef-db3943930eb3,"1c8_dev_maibrodskiy","1c2\1c8_tehnolodgiIBC_buh 04/02","MSSQLServer","s-sql-1c-dev","1c8_dev_maibrodskiy","srvc-s-1c-dev","meCD8vlYzrXZb56rprUHnWiAPZdKj5eGfjMM5kg4prA4IER+OQ3W91m5wSn6QRA2","DB=1c8_dev_maibrodskiy;DBMS=MSSQLServer;DBSrvr=s-sql-1c-dev;DBUID=srvc-s-1c-dev;LIC=7126099479240547670;LicDstr=Y;Locale=ru_RU;Ref=1c8_dev_maibrodskiy;SLev=0;SQLYOffs=2000;Srvr=s-1c-dev",0,
{0,00010101000000,00010101000000,"","",""},0,1,"",0,"","",358543,0},
{288d9e47-443a-4e37-88a0-9e3b09aa42c7,"1c8_test_abmtechnologi_upp","","MSSQLServer","s-sql-1c-dev","1c8_test_abmtechnologi_upp","srvc-s-1c-dev","meCD8vlYzrXZb56rprUHnWiAPZdKj5eGfjMM5kg4prBA53bupnTikNGlK1zlI5DI","DB=1c8_test_abmtechnologi_upp;DBMS=MSSQLServer;DBSrvr=s-sql-1c-dev;DBUID=srvc-s-1c-dev;Descr=;LicDstr=Y;Locale=ru_RU;Ref=1c8_test_abmtechnologi_upp;SchJobDn=Y;SLev=0;SQLYOffs=2000;Srvr=s-1c-dev",0,
{0,00010101000000,00010101000000,"","",""},1,1,"",0,"","",62952,0},
{2860b753-9f7c-4548-be8e-a65d69bc9ec7,"1c8_tdf_ut","","MSSQLServer","s-sql-1c-dev","1c8_tdf_ut","srvc-s-1c-dev","meCD8vlYzrXZb56rprUHnWiAPZdKj5eGfjMM5kg4prCk27lLf/m4//8U24Pz012b","CrSQLDB=Y;DB=1c8_tdf_ut;DBMS=MSSQLServer;DBSrvr=s-sql-1c-dev;DBUID=srvc-s-1c-dev;LIC=2590957272695822599;LicDstr=Y;Locale=ru_RU;Ref=1c8_tdf_ut;SLev=0;SQLYOffs=2000;Srvr=s-1c-dev",0,
{1,00010101000000,00010101000000,"заблокирована","",""},1,1,"",0,"","",153182,0},
{359e30ff-fbe3-4953-95ad-252cb5545d0e,"1c8_test_asterra_buh","1c8_test_asterra_buh","MSSQLServer","10.80.1.30","1c8_test_asterra_buh","srvc-s-1c-dev","meCD8vlYzrXZb56rprUHnWiAPZdKj5eGfjMM5kg4prDSKaF3mJrzxCXm0UfLijRB","DB=1c8_test_asterra_buh;DBMS=MSSQLServer;DBSrvr=10.80.1.30;DBUID=srvc-s-1c-dev;Descr=1c8_test_asterra_buh;LicDstr=Y;Locale=ru_RU;Ref=1c8_test_asterra_buh;SLev=0;SQLYOffs=2000;Srvr=s-1c-dev",0,
{0,00010101000000,00010101000000,"","",""},0,1,"",0,"","",66073,0},
{24c7dffc-3c01-4fda-90ad-a9a2e1c80aaf,"1c8_test_agrotek_buh","1C1\1c8_agrotek_invest_buh 08/03","MSSQLServer","s-sql-1c-dev","1c8_test_agrotek_buh","srvc-s-1c-dev","meCD8vlYzrXZb56rprUHnWiAPZdKj5eGfjMM5kg4prAH7NUuEksNHn3kiRTUu+fu","CrSQLDB=Y;DB=1c8_test_agrotek_buh;DBMS=MSSQLServer;DBSrvr=s-sql-1c-dev;DBUID=srvc-s-1c-dev;LIC=7106953979639011655;LicDstr=Y;Locale=ru_RU;Ref=1c8_test_agrotek_buh;SLev=0;SQLYOffs=2000;Srvr=s-1c-dev",0,
{0,00010101000000,00010101000000,"","",""},0,1,"",0,"","",375999,0},
{c2f72b99-46af-411e-92e3-dd60aae4ae21,"1c8_test_12_zhizhkin_buh","1C1\1c8_agrotek_buh 21/04","MSSQLServer","s-sql-1c-dev","1c8_test_12_zhizhkin_buh","srvc-s-1c-dev","meCD8vlYzrXZb56rprUHnWiAPZdKj5eGfjMM5kg4prCMUM1iKgDpv9Xb4mmvaQNP","CrSQLDB=Y;DB=1c8_test_12_zhizhkin_buh;DBMS=MSSQLServer;DBSrvr=s-sql-1c-dev;DBUID=srvc-s-1c-dev;LIC=2590952667483134279;LicDstr=Y;Locale=ru_RU;Ref=1c8_test_12_zhizhkin_buh;SLev=0;SQLYOffs=2000;Srvr=s-1c-dev",0,
{0,20220421105700,00010101000000,"Для администратора:
Для того чтобы разрешить работу пользователей, воспользуйтесь консолью кластера серверов или запустите ""1С:Предприятие"" с параметрами:
ENTERPRISE /S""s-1c-dev.nd.lan:1541\1c8_test_12_zhizhkin_buh"" /CРазрешитьРаботуПользователей /UC<код разрешения>","",""},1,1,"",0,"","",409831,0},
{f229c43f-0940-427d-857b-663c131d3df7,"1c8_test_20_zhizhkin_buh","","MSSQLServer","s-sql-1c-dev","1c8_test_20_zhizhkin_buh","srvc-s-1c-dev","meCD8vlYzrXZb56rprUHnWiAPZdKj5eGfjMM5kg4prAWO+qyo4QgElKPK/4i/9+Z","CrSQLDB=Y;DB=1c8_test_20_zhizhkin_buh;DBMS=MSSQLServer;DBSrvr=s-sql-1c-dev;DBUID=srvc-s-1c-dev;LIC=3652627846095674694;LicDstr=Y;Locale=ru_RU;Ref=1c8_test_20_zhizhkin_buh;SLev=0;SQLYOffs=2000;Srvr=s-1c-dev",0,
{0,00010101000000,00010101000000,"","",""},0,1,"",0,"","",69520,0},
{d27f01bd-d029-49b9-8a32-ab4dd56b2ca4,"1c8_test_agrotek_zup","","MSSQLServer","s-sql-1c-dev","1c8_test_agrotek_zup","srvc-s-1c-dev","meCD8vlYzrXZb56rprUHnWiAPZdKj5eGfjMM5kg4prD44yjHnArtSiIlUztRYfmm","CrSQLDB=Y;DB=1c8_test_agrotek_zup;DBMS=MSSQLServer;DBSrvr=s-sql-1c-dev;DBUID=srvc-s-1c-dev;LIC=7468650143961292039;LicDstr=Y;Locale=ru_RU;Ref=1c8_test_agrotek_zup;SLev=0;SQLYOffs=2000;Srvr=s-1c-dev",0,
{0,00010101000000,00010101000000,"","",""},0,1,"",0,"","",69543,0},
{7c9c989f-6495-415c-b808-0c88cb6cf01a,"1c8_test_allcomp_uu","","MSSQLServer","s-sql-1c-dev","1c8_test_allcomp_uu","srvc-s-1c-dev","meCD8vlYzrXZb56rprUHnWiAPZdKj5eGfjMM5kg4prCEoe/3Fn8GkZ8zv0gratQL","CrSQLDB=Y;DB=1c8_test_allcomp_uu;DBMS=MSSQLServer;DBSrvr=s-sql-1c-dev;DBUID=srvc-s-1c-dev;LIC=3648458823548525843;LicDstr=Y;Locale=ru_RU;Ref=1c8_test_allcomp_uu;SLev=0;SQLYOffs=2000;Srvr=s-1c-dev",0,
{0,00010101000000,00010101000000,"","",""},0,1,"",0,"","",89552,0},
{e19528c8-9ca7-496e-a3fc-5a0715ad2a50,"1c8_test_aliti_trade_buh","Виналь - не обновл","MSSQLServer","s-sql-1c-dev","1c8_test_aliti_trade_buh","srvc-s-1c-dev","meCD8vlYzrXZb56rprUHnWiAPZdKj5eGfjMM5kg4prAYQ9yNVbEYXdYY1iJQpMny","CrSQLDB=Y;DB=1c8_test_aliti_trade_buh;DBMS=MSSQLServer;DBSrvr=s-sql-1c-dev;DBUID=srvc-s-1c-dev;LIC=8643811469944658199;LicDstr=Y;Locale=ru_RU;Ref=1c8_test_aliti_trade_buh;SLev=0;SQLYOffs=2000;Srvr=s-1c-dev",0,
{0,00010101000000,00010101000000,"","",""},1,1,"",0,"","",376000,0},
{440fd4c1-7bf7-4180-b629-9baecfb36749,"1c8_test_tiliani_buh","Виналь - не обновл","MSSQLServer","s-sql-1c-dev","1c8_test_tiliani_buh","srvc-s-1c-dev","meCD8vlYzrXZb56rprUHnWiAPZdKj5eGfjMM5kg4prAWMB0oAnJUJ/+Klm1qRyW7","CrSQLDB=Y;DB=1c8_test_tiliani_buh;DBMS=MSSQLServer;DBSrvr=s-sql-1c-dev;DBUID=srvc-s-1c-dev;LIC=7395396492727077190;LicDstr=Y;Locale=ru_RU;Ref=1c8_test_tiliani_buh;SLev=0;SQLYOffs=2000;Srvr=s-1c-dev",0,
{0,00010101000000,00010101000000,"","",""},1,1,"",0,"","",375981,0},
{299a44be-b013-4747-8b4a-28be8797a131,"1c8_test_tdalefvinal_zup","Виналь - не обновл","MSSQLServer","s-sql-1c-dev","1c8_test_tdalefvinal_zup","srvc-s-1c-dev","meCD8vlYzrXZb56rprUHnWiAPZdKj5eGfjMM5kg4prCvha/tJjk7CsY/PX8dCPmi","CrSQLDB=Y;DB=1c8_test_tdalefvinal_zup;DBMS=MSSQLServer;DBSrvr=s-sql-1c-dev;DBUID=srvc-s-1c-dev;LIC=4009532606373599554;LicDstr=Y;Locale=ru_RU;Ref=1c8_test_tdalefvinal_zup;SLev=0;SQLYOffs=2000;Srvr=s-1c-dev",0,
{0,00010101000000,00010101000000,"","",""},0,1,"",0,"","",375982,0},
{adbf58f5-311e-4102-9715-b0c44c2b501c,"1c8_test_alefvinal_zup","Виналь - не обновл","MSSQLServer","s-sql-1c-dev","1c8_test_alefvinal_zup","srvc-s-1c-dev","meCD8vlYzrXZb56rprUHnWiAPZdKj5eGfjMM5kg4prDvqWluh2BfO9cOk/36IXjk","CrSQLDB=Y;DB=1c8_test_alefvinal_zup;DBMS=MSSQLServer;DBSrvr=s-sql-1c-dev;DBUID=srvc-s-1c-dev;LIC=2855767770648267091;LicDstr=Y;Locale=ru_RU;Ref=1c8_test_alefvinal_zup;SLev=0;SQLYOffs=2000;Srvr=s-1c-dev",0,
{0,00010101000000,00010101000000,"","",""},0,1,"",0,"","",375987,0},
{0ca76b5d-3b3a-4747-9774-161c07d6c0f5,"1c8_test_danbek_buh","Виналь - не обновл","MSSQLServer","s-sql-1c-dev","1c8_test_danbek_buh","srvc-s-1c-dev","meCD8vlYzrXZb56rprUHnWiAPZdKj5eGfjMM5kg4prABN3w/F0OlzBHMm/zmCIeN","CrSQLDB=Y;DB=1c8_test_danbek_buh;DBMS=MSSQLServer;DBSrvr=s-sql-1c-dev;DBUID=srvc-s-1c-dev;LIC=7467241863640680710;LicDstr=Y;Locale=ru_RU;Ref=1c8_test_danbek_buh;SLev=0;SQLYOffs=2000;Srvr=s-1c-dev",0,
{0,00010101000000,00010101000000,"","",""},0,1,"",0,"","",376001,0},
{7692b356-9dab-4fa5-9225-e7f2e5d2bf79,"1c8_dev_golovko","","MSSQLServer","s-sql-1c-dev","1c8_dev_golovko","srvc-s-1c-dev","meCD8vlYzrXZb56rprUHnWiAPZdKj5eGfjMM5kg4prBs/fmmkxUwgDxcFNSz/Q3r","DB=1c8_dev_golovko;DBMS=MSSQLServer;DBSrvr=s-sql-1c-dev;DBUID=srvc-s-1c-dev;Descr=;LicDstr=Y;Locale=ru_RU;Ref=1c8_dev_golovko;SLev=0;SQLYOffs=2000;Srvr=s-1c-dev",0,
{0,00010101000000,00010101000000,"","",""},0,1,"",0,"","",261986,0},
{c6e30406-0db1-4461-b27f-5e7beca770cd,"1c8_test_advice_lising_buh","","MSSQLServer","s-sql-1c-dev","1c8_test_advice_lising_buh","srvc-s-1c-dev","meCD8vlYzrXZb56rprUHnWiAPZdKj5eGfjMM5kg4prCghRfafRF1U0Xr26Ta/P85","CrSQLDB=Y;DB=1c8_test_advice_lising_buh;DBMS=MSSQLServer;DBSrvr=s-sql-1c-dev;DBUID=srvc-s-1c-dev;Descr=;LicDstr=Y;Locale=ru_RU;Ref=1c8_test_advice_lising_buh;SLev=0;SQLYOffs=2000;Srvr=s-1c-dev",0,
{0,00010101000000,00010101000000,"","",""},0,1,"",0,"","",300409,0},
{72e50797-e390-41eb-9fd8-04677e1fde4d,"1c8_test_amel_utp_uu","","MSSQLServer","s-sql-1c-dev","1c8_test_amel_utp_uu","srvc-s-1c-dev","meCD8vlYzrXZb56rprUHnWiAPZdKj5eGfjMM5kg4prA7tVgtRP+qLL3TFRu1BG2d","CrSQLDB=Y;DB=1c8_test_amel_utp_uu;DBMS=MSSQLServer;DBSrvr=s-sql-1c-dev;DBUID=srvc-s-1c-dev;Descr=;LicDstr=Y;Locale=ru_RU;Ref=1c8_test_amel_utp_uu;SLev=0;SQLYOffs=2000;Srvr=s-1c-dev",0,
{0,00010101000000,00010101000000,"","",""},1,1,"",0,"","",424486,0},
{ea783bef-a2ba-498c-852d-8b000f3bdf8c,"1c8_test_masto_grand_zup","Виналь - не обновл","MSSQLServer","s-sql-1c-dev","1c8_test_masto_grand_zup","srvc-s-1c-dev","meCD8vlYzrXZb56rprUHnWiAPZdKj5eGfjMM5kg4prCQqix/ZMRwFpz4spV5NKZT","CrSQLDB=Y;DB=1c8_test_masto_grand_zup;DBMS=MSSQLServer;DBSrvr=s-sql-1c-dev;DBUID=srvc-s-1c-dev;LIC=7126023630117379347;LicDstr=Y;Locale=ru_RU;Ref=1c8_test_masto_grand_zup;SLev=0;SQLYOffs=2000;Srvr=s-1c-dev",0,
{0,00010101000000,00010101000000,"","",""},0,1,"",0,"","",375983,0},
{4a0a1ac9-db1a-40bd-80ea-8e167803542d,"1c8_copy_calciicarbonat_upp_bu","","MSSQLServer","s-sql-1c-dev.nd.lan","1c8_copy_calciicarbonat_upp_bu","srvc-s-1c-dev","meCD8vlYzrXZb56rprUHnWiAPZdKj5eGfjMM5kg4prCb6bM8piw8QZ09KR8OgowN","CrSQLDB=Y;DB=1c8_copy_calciicarbonat_upp_bu;DBMS=MSSQLServer;DBSrvr=s-sql-1c-dev.nd.lan;DBUID=srvc-s-1c-dev;LIC=7399970512441346118;LicDstr=Y;Locale=ru_RU;Ref=1c8_copy_calciicarbonat_upp_bu;SLev=0;SQLYOffs=2000;Srvr=s-1c-dev.nd.lan",0,
{0,00010101000000,00010101000000,"","",""},1,1,"",0,"","",385362,0},
{0daadb81-6eb9-434b-9009-240df475dc3e,"1c8_test_alphadent","","MSSQLServer","s-sql-1c-dev","1c8_AlphaDent_test_200122","srvc-s-1c-dev","meCD8vlYzrXZb56rprUHnWiAPZdKj5eGfjMM5kg4prCvdNVPx4DouQUHURhdeoX0","CrSQLDB=Y;DB=1c8_AlphaDent_test_200122;DBMS=MSSQLServer;DBSrvr=s-sql-1c-dev;DBUID=srvc-s-1c-dev;LIC=1625735829708334889;LicDstr=Y;Locale=ru_RU;Ref=1c8_test_alphadent;SLev=0;SQLYOffs=2000;Srvr=s-1c-dev;SUsr=",0,
{0,00010101000000,00010101000000,"","",""},1,1,"",0,"","",355017,0},
{ae8e7724-3f53-4c75-a845-48f0fe0d38b3,"1c8_test_obmen","для обрезки амел-БУХ","MSSQLServer","s-sql-1c-dev","1c8_test_obmen","srvc-s-1c-dev","meCD8vlYzrXZb56rprUHnWiAPZdKj5eGfjMM5kg4prBDMmrWppEvuCt3mLFkgusA","DB=1c8_test_obmen;DBMS=MSSQLServer;DBSrvr=s-sql-1c-dev;DBUID=srvc-s-1c-dev;Descr=""для обрезки амел-БУХ"";LicDstr=Y;Locale=ru_RU;Ref=1c8_test_obmen;SchJobDn=Y;SLev=0;SQLYOffs=2000;Srvr=s-1c-dev",0,
{0,00010101000000,00010101000000,"","",""},1,1,"",0,"","",357357,0},
{d91286e0-a509-4af4-80af-ba8cebdce9b5,"1c8_sp1c_uu","служ база Майбродский","MSSQLServer","s-sql-1c-dev","1c8_sp1c_uu","srvc-s-1c-dev","meCD8vlYzrXZb56rprUHnWiAPZdKj5eGfjMM5kg4prDFnPhiUn39Rtkv5B436iDE","CrSQLDB=Y;DB=1c8_sp1c_uu;DBMS=MSSQLServer;DBSrvr=s-sql-1c-dev;DBUID=srvc-s-1c-dev;LIC=3960274571298326599;LicDstr=Y;Locale=ru_RU;Ref=1c8_sp1c_uu;SLev=0;SQLYOffs=2000;Srvr=s-1c-dev",0,
{0,00010101000000,00010101000000,"","",""},0,1,"",0,"","",398413,0},
{8b6947e1-10f3-4ea1-9109-d1b646656df2,"1c8_test_calciicarbonat_upp","","MSSQLServer","s-sql-1c-dev","1c8_test_calciicarbonat_upp","srvc-s-1c-dev","meCD8vlYzrXZb56rprUHnWiAPZdKj5eGfjMM5kg4prALlxvlxDbCzUVPRKsbWymc","CrSQLDB=Y;DB=1c8_test_calciicarbonat_upp;DBMS=MSSQLServer;DBSrvr=s-sql-1c-dev;DBUID=srvc-s-1c-dev;LIC=8336418719310711122;LicDstr=Y;Locale=ru_RU;Ref=1c8_test_calciicarbonat_upp;SLev=0;SQLYOffs=2000;Srvr=s-1c-dev",0,
{0,20220714111000,20220714111500,"Термінове оновлення з виправленням, 5 хв

Для администратора:
Для того чтобы принудительно разблокировать информационную базу, воспользуйтесь консолью кластера серверов или запустите ""1С:Предприятие"" с параметрами:
ENTERPRISE /S""s-1c-dev\1c8_test_calciicarbonat_upp"" /CРазрешитьРаботуПользователей /UC<код разрешения>","123",""},0,1,"",0,"","",481060,0},
{0e352af7-0b7b-4bbc-a9f3-c1a6a37194b4,"1c8_test_elba_bu_erp","","MSSQLServer","s-sql-1c-dev","1c8_test_elba_bu_erp","srvc-s-1c-dev","meCD8vlYzrXZb56rprUHnWiAPZdKj5eGfjMM5kg4prC1GoQHgSj3DxsTbUsAFQHo","CrSQLDB=Y;DB=1c8_test_elba_bu_erp;DBMS=MSSQLServer;DBSrvr=s-sql-1c-dev;DBUID=srvc-s-1c-dev;LIC=7473135330992556311;LicDstr=Y;Locale=ru_RU;Ref=1c8_test_elba_bu_erp;SLev=0;SQLYOffs=2000;Srvr=s-1c-dev",0,
{0,00010101000000,00010101000000,"","",""},0,1,"",0,"","",470597,0},
{21b125a8-43f8-44b3-9fba-0d8a5959039b,"1c8_test_obmen_dps","","MSSQLServer","s-sql-1c-dev","1c8_test_obmen_dps","srvc-s-1c-dev","meCD8vlYzrXZb56rprUHnWiAPZdKj5eGfjMM5kg4prAwSya45bVoIWkUoI6tLl2J","CrSQLDB=Y;DB=1c8_test_obmen_dps;DBMS=MSSQLServer;DBSrvr=s-sql-1c-dev;DBUID=srvc-s-1c-dev;LIC=2860045971801214215;LicDstr=Y;Locale=ru_RU;Ref=1c8_test_obmen_dps;SLev=0;SQLYOffs=2000;Srvr=s-1c-dev",0,
{0,00010101000000,00010101000000,"","",""},0,1,"",0,"","",482334,0},
{b8f42fcd-b70c-408e-a6c5-4a7f498f093c,"1c8_test_amel_bu","","MSSQLServer","s-sql-1c-dev","1c8_test_amel_bu","srvc-s-1c-dev","meCD8vlYzrXZb56rprUHnWiAPZdKj5eGfjMM5kg4prD8sGgDSnIK7kTCkq3XKjbW","CrSQLDB=Y;DB=1c8_test_amel_bu;DBMS=MSSQLServer;DBSrvr=s-sql-1c-dev;DBUID=srvc-s-1c-dev;LIC=2568455572666697747;LicDstr=Y;Locale=ru_RU;Ref=1c8_test_amel_bu;SLev=0;SQLYOffs=2000;Srvr=s-1c-dev",0,
{0,00010101000000,00010101000000,"","",""},0,1,"",0,"","",512908,0},
{0de68097-406e-4dde-a98d-d8d912cbf943,"1c8_test_dental_bu","","MSSQLServer","s-sql-1c-dev","1c8_test_dental_bu","srvc-s-1c-dev","meCD8vlYzrXZb56rprUHnWiAPZdKj5eGfjMM5kg4prC9pkKNoHcwdh8a9cjQDJ+3","CrSQLDB=Y;DB=1c8_test_dental_bu;DBMS=MSSQLServer;DBSrvr=s-sql-1c-dev;DBUID=srvc-s-1c-dev;LIC=7467436562040474902;LicDstr=Y;Locale=ru_RU;Ref=1c8_test_dental_bu;SLev=0;SQLYOffs=2000;Srvr=s-1c-dev",0,
{0,00010101000000,00010101000000,"","",""},0,1,"",0,"","",512917,0},
{f39ddaa8-dfef-4541-b277-06c2f078e08f,"1c8_dev_convert","","MSSQLServer","s-sql-1c-dev","1c8_dev_convert","srvc-s-1c-dev","meCD8vlYzrXZb56rprUHnWiAPZdKj5eGfjMM5kg4prB9URYu9mOs9xPkbuiWnhBt","CrSQLDB=Y;DB=1c8_dev_convert;DBMS=MSSQLServer;DBSrvr=s-sql-1c-dev;DBUID=srvc-s-1c-dev;LIC=4013197569633978391;LicDstr=Y;Locale=ru_RU;Ref=1c8_dev_convert;SLev=0;SQLYOffs=2000;Srvr=s-1c-dev",0,
{0,00010101000000,00010101000000,"","",""},0,1,"",0,"","",517047,0},
{8d724e14-7577-4a2d-a00d-161a3581faed,"1c8_convertation_abm","","MSSQLServer","s-sql-1c-dev","1c8_convertation_abm","srvc-s-1c-dev","meCD8vlYzrXZb56rprUHnWiAPZdKj5eGfjMM5kg4prDcCY/VNsKY9nO/cnFg60a+","CrSQLDB=Y;DB=1c8_convertation_abm;DBMS=MSSQLServer;DBSrvr=s-sql-1c-dev;DBUID=srvc-s-1c-dev;LIC=2802855165209594198;LicDstr=Y;Locale=ru_RU;Ref=1c8_convertation_abm;SLev=0;SQLYOffs=2000;Srvr=s-1c-dev",0,
{0,00010101000000,00010101000000,"","",""},0,1,"",0,"","",532522,0},
{699ea7be-6910-442c-961e-006e9b279e7e,"1c8_dev_chudakov","","MSSQLServer","s-sql-1c-dev","1c8_dev_chudakov","srvc-s-1c-dev","meCD8vlYzrXZb56rprUHnWiAPZdKj5eGfjMM5kg4prBDTIkGQswYpkTFFA8vkcze","CrSQLDB=Y;DB=1c8_dev_chudakov;DBMS=MSSQLServer;DBSrvr=s-sql-1c-dev;DBUID=srvc-s-1c-dev;LIC=2788288886704409670;LicDstr=Y;Locale=ru_RU;Ref=1c8_dev_chudakov;SLev=0;SQLYOffs=2000;Srvr=s-1c-dev",0,
{0,00010101000000,00010101000000,"","",""},0,1,"",0,"","",581696,0},
{c08a274c-d1de-40ac-af3b-6cf258339a18,"Test_zhovtyak","","MSSQLServer","s-sql-1c-dev.nd.lan","Test_zhovtyak","srvc-s-1c-dev","meCD8vlYzrXZb56rprUHnWiAPZdKj5eGfjMM5kg4prAfiDLdYm6KpdLyil73j3hK","DB=Test_zhovtyak;DBMS=MSSQLServer;DBSrvr=s-sql-1c-dev.nd.lan;DBUID=srvc-s-1c-dev;Descr=;LicDstr=Y;Locale=ru_RU;Ref=Test_zhovtyak;SLev=0;SQLYOffs=2000;Srvr=s-1c-dev",0,
{0,00010101000000,00010101000000,"","",""},0,1,"",0,"","",630807,0}
},
{2,
{14ee6849-cbdf-439c-93d8-fe58e5ee5da9,"s-1c-dev",1,0,1000,c562152d-464c-4964-84fb-4437ba3081c2,0},
{b645edf0-0321-4564-a49a-b9bae1de43ca,"s-1c-dev",1,0,1000,c562152d-464c-4964-84fb-4437ba3081c2,0}
},
{0},
{1,
{c562152d-464c-4964-84fb-4437ba3081c2,"Центральный сервер",1540,"s-1c-dev",1,
{1,
{1560,1591}
},"","1tuzQcxwlTl0kNOwA5wk3w==",0,0,8,256,1000,1,0,1,0,1,1541,0,0,300}
},
{1,
{334c7f08-1e05-4e19-8384-0839d4783459,"Главный менеджер кластера","s-1c-dev",1,1,c562152d-464c-4964-84fb-4437ba3081c2}
},
{0},
{0},
{0},
{0},
{0},
{0,0},0,
{0},
{0},
{0},
{0},
{0},
{0},
{0},
{0},
{0},634931,
{0},
{0},
{""},
{""},
{1,
{c562152d-464c-4964-84fb-4437ba3081c2,6860,1562,0,"voj6CQj22mdWZC5hCj6CCtmSkNBTOOMAsc4hAunciO0=","CSLjpTtfej5lBihs"}
}
}