{0,
{0a12826a-441f-43fd-a3b7-28090a35ef3f,"Локальный кластер",1541,"s-1c-dev",0,0,0,60,0,0,0,
{1,
{"s-1c-dev",1541}
},0,0,1,0},
{0},
{0},
{0},
{1,
{a930ea6c-6052-4dda-808e-dfbd22f47ffe,"Центральный сервер",1540,"s-1c-dev",1,
{1,
{1560,1591}
},"","5uzoPYHuWZKRnX2MRrz8Cg==",0,0,8,256,1000,1,0,1,0,1,1541,0,0,300}
},
{1,
{fbb18b4b-35ca-4351-94cd-efd608100b81,"Главный менеджер кластера","s-1c-dev",1,1,a930ea6c-6052-4dda-808e-dfbd22f47ffe}
},
{0},
{0},
{0},
{0},
{0},
{0,0},0,
{0},
{0},
{0},
{0},
{0},
{0},
{0},
{0},
{0},3,
{0},
{0},
{""},
{""},
{0}
}